<?xml version="1.0" encoding="UTF-8"?>
<!-- Generated by org.testng.reporters.JUnitXMLReporter -->
<testsuite ignored="0" hostname="Tyss-Sandeep" failures="0" tests="3" name="Test" time="14.475" errors="0" timestamp="2024-04-06T20:56:54 IST">
  <testcase classname="Dataprovider_Frame.Runner" name="testcase" time="0.51"/>
  <testcase classname="Dataprovider_Frame.Runner" name="testcase" time="0.415"/>
  <testcase classname="Dataprovider_Frame.Runner" name="testcase" time="0.469"/>
</testsuite> <!-- Test -->
